<?xml version="1.0" encoding="UTF-8"?>
<!-- Generated by org.testng.reporters.JUnitXMLReporter -->
<testsuite ignored="0" hostname="admins-MacBook-Pro.local" failures="0" tests="4" name="Default test" time="3.571" errors="0" timestamp="06 Aug 2018 16:16:26 GMT">
  <testcase classname="tests.API_JSon_PATH" name="testWithJsonPath" time="2.089"/>
  <testcase classname="tests.API_JSon_PATH" name="verifyRegions" time="0.471"/>
  <testcase classname="tests.API_JSon_PATH" name="verifyWithPathParameter" time="0.28"/>
  <testcase classname="tests.API_JSon_PATH" name="verifyWithQueryParameter" time="0.704"/>
</testsuite> <!-- Default test -->
