<?xml version="1.0" encoding="UTF-8"?>
<testng-results ignored="0" total="4" passed="4" failed="0" skipped="0">
  <reporter-output>
  </reporter-output>
  <suite started-at="2018-08-06T16:16:22Z" name="Default suite" finished-at="2018-08-06T16:16:26Z" duration-ms="3571">
    <groups>
    </groups>
    <test started-at="2018-08-06T16:16:22Z" name="Default test" finished-at="2018-08-06T16:16:26Z" duration-ms="3571">
      <class name="tests.API_JSon_PATH">
        <test-method signature="testWithJsonPath()[pri:0, instance:tests.API_JSon_PATH@394a2528]" started-at="2018-08-06T16:16:22Z" name="testWithJsonPath" finished-at="2018-08-06T16:16:24Z" duration-ms="2089" status="PASS">
          <reporter-output>
          </reporter-output>
        </test-method> <!-- testWithJsonPath -->
        <test-method signature="verifyRegions()[pri:0, instance:tests.API_JSon_PATH@394a2528]" started-at="2018-08-06T16:16:24Z" name="verifyRegions" finished-at="2018-08-06T16:16:25Z" duration-ms="471" status="PASS">
          <reporter-output>
          </reporter-output>
        </test-method> <!-- verifyRegions -->
        <test-method signature="verifyWithPathParameter()[pri:0, instance:tests.API_JSon_PATH@394a2528]" started-at="2018-08-06T16:16:25Z" name="verifyWithPathParameter" finished-at="2018-08-06T16:16:25Z" duration-ms="280" status="PASS">
          <reporter-output>
          </reporter-output>
        </test-method> <!-- verifyWithPathParameter -->
        <test-method signature="verifyWithQueryParameter()[pri:0, instance:tests.API_JSon_PATH@394a2528]" started-at="2018-08-06T16:16:25Z" name="verifyWithQueryParameter" finished-at="2018-08-06T16:16:26Z" duration-ms="704" status="PASS">
          <reporter-output>
          </reporter-output>
        </test-method> <!-- verifyWithQueryParameter -->
      </class> <!-- tests.API_JSon_PATH -->
    </test> <!-- Default test -->
  </suite> <!-- Default suite -->
</testng-results>
